Build started 10/7/2013 5:04:52 PM.
     1>Project "C:\Users\js3090a\Documents\Visual Studio 2012\Projects\Project1\Project1\Project1.vcxproj" on node 2 (Build target(s)).
     1>ClCompile:
         C:\Program Files (x86)\Microsoft Visual Studio 11.0\VC\bin\CL.exe /c /ZI /nologo /W3 /WX- /Od /Oy- /D _MBCS /Gm /EHsc /RTC1 /MDd /GS /fp:precise /Zc:wchar_t /Zc:forScope /Fo"Debug\\" /Fd"Debug\vc110.pdb" /Gd /TP /analyze- /errorReport:prompt ..\..\elevator.cpp
         elevator.cpp
     1>c:\users\js3090a\documents\visual studio 2012\projects\elevator.cpp(43): error C2143: syntax error : missing ',' before '-'
     1>c:\users\js3090a\documents\visual studio 2012\projects\elevator.cpp(43): warning C4552: '>' : operator has no effect; expected operator with side-effect
     1>c:\users\js3090a\documents\visual studio 2012\projects\elevator.cpp(43): error C2143: syntax error : missing ';' before ')'
     1>c:\users\js3090a\documents\visual studio 2012\projects\elevator.cpp(44): error C2143: syntax error : missing ';' before '{'
     1>c:\users\js3090a\documents\visual studio 2012\projects\elevator.cpp(47): error C2143: syntax error : missing ';' before '}'
     1>c:\users\js3090a\documents\visual studio 2012\projects\elevator.cpp(53): error C2143: syntax error : missing ',' before '-'
     1>c:\users\js3090a\documents\visual studio 2012\projects\elevator.cpp(53): error C2143: syntax error : missing ';' before ')'
     1>c:\users\js3090a\documents\visual studio 2012\projects\elevator.cpp(56): error C2146: syntax error : missing ';' before identifier 'cout'
     1>c:\users\js3090a\documents\visual studio 2012\projects\elevator.cpp(59): error C2143: syntax error : missing ')' before '}'
     1>c:\users\js3090a\documents\visual studio 2012\projects\elevator.cpp(59): error C2143: syntax error : missing ';' before ')'
     1>Done Building Project "C:\Users\js3090a\Documents\Visual Studio 2012\Projects\Project1\Project1\Project1.vcxproj" (Build target(s)) -- FAILED.

Build FAILED.

Time Elapsed 00:00:00.80
